<?xml version="1.0" encoding="UTF-8"?>
<!-- Generated by org.testng.reporters.JUnitReportReporter -->
<testsuite hostname="LTIN273733" failures="0" tests="1" name="testRunner.TestRun" time="113.367" errors="0" timestamp="2024-02-19T11:15:26 IST" skipped="0">
  <testcase classname="testRunner.TestRun" name="runScenario" time="113.367"/>
</testsuite> <!-- testRunner.TestRun -->
